<?xml version="1.0" encoding="UTF-8"?>
<testsuite xmlns:xsi="http://www.w3.org/2001/XMLSchema-instance" xsi:noNamespaceSchemaLocation="https://maven.apache.org/surefire/maven-surefire-plugin/xsd/surefire-test-report-3.0.xsd" version="3.0" name="TestSuite" time="10.04" tests="8" errors="0" skipped="0" failures="8">
  <properties>
[...]
</properties>
  <testcase name="UserSearchesProduct" classname="tests.AddProductToShppoingCartTest" time="0.241">
    <failure message="org/openqa/selenium/WrapsElement" type="java.lang.NoClassDefFoundError">java.lang.NoClassDefFoundError: org/openqa/selenium/WrapsElement
	at tests.AddProductToShppoingCartTest.UserSearchesProduct(AddProductToShppoingCartTest.java:20)
Caused by: java.lang.ClassNotFoundException: org.openqa.selenium.WrapsElement
	at tests.AddProductToShppoingCartTest.UserSearchesProduct(AddProductToShppoingCartTest.java:20)
</failure>
    <system-err><![CDATA[SLF4J: Failed to load class "org.slf4j.impl.StaticLoggerBinder".
SLF4J: Defaulting to no-operation (NOP) logger implementation
SLF4J: See http://www.slf4j.org/codes.html#StaticLoggerBinder for further details.
Starting ChromeDriver 77.0.3865.40 (f484704e052e0b556f8030b65b953dce96503217-refs/branch-heads/3865@{#442}) on port 46581
Only local connections are allowed.
Please protect ports used by ChromeDriver and related test frameworks to prevent access by malicious code.
[1573959366.914][WARNING]: This version of ChromeDriver has not been tested with Chrome version 78.
Nov 16, 2019 7:56:08 PM org.openqa.selenium.remote.ProtocolHandshake createSession
INFO: Detected dialect: W3C
Nov 16, 2019 7:56:10 PM cucumber.runtime.FeaturePathFeatureSupplier get
WARNING: No features found at classpath:tests
]]></system-err>
  </testcase>
  <testcase name="UserAddsToCart" classname="tests.AddProductToShppoingCartTest" time="0.02">
    <failure message="org/openqa/selenium/WrapsElement" type="java.lang.NoClassDefFoundError">java.lang.NoClassDefFoundError: org/openqa/selenium/WrapsElement
	at tests.AddProductToShppoingCartTest.UserAddsToCart(AddProductToShppoingCartTest.java:32)
</failure>
  </testcase>
  <testcase name="UserRemovesFromCart" classname="tests.AddProductToShppoingCartTest" time="0.015">
    <failure message="org/openqa/selenium/WrapsElement" type="java.lang.NoClassDefFoundError">java.lang.NoClassDefFoundError: org/openqa/selenium/WrapsElement
	at tests.AddProductToShppoingCartTest.UserRemovesFromCart(AddProductToShppoingCartTest.java:40)
</failure>
  </testcase>
  <testcase name="UserComapresProducts" classname="tests.AddToCompareTest" time="0.004">
    <failure message="org/openqa/selenium/WrapsElement" type="java.lang.NoClassDefFoundError">java.lang.NoClassDefFoundError: org/openqa/selenium/WrapsElement
	at tests.AddToCompareTest.UserComapresProducts(AddToCompareTest.java:23)
</failure>
    <system-err><![CDATA[Nov 16, 2019 7:56:11 PM cucumber.runtime.FeaturePathFeatureSupplier get
WARNING: No features found at classpath:tests
]]></system-err>
  </testcase>
  <testcase name="UserClearsTable" classname="tests.AddToCompareTest" time="0.012">
    <failure type="java.lang.NullPointerException">java.lang.NullPointerException
	at tests.AddToCompareTest.UserClearsTable(AddToCompareTest.java:53)
</failure>
  </testcase>
  <testcase name="userSearchesProduct" classname="tests.AddToWishListTest" time="0.008">
    <failure message="org/openqa/selenium/WrapsElement" type="java.lang.NoClassDefFoundError">java.lang.NoClassDefFoundError: org/openqa/selenium/WrapsElement
	at tests.AddToWishListTest.userSearchesProduct(AddToWishListTest.java:20)
</failure>
    <system-err><![CDATA[Nov 16, 2019 7:56:11 PM cucumber.runtime.FeaturePathFeatureSupplier get
WARNING: No features found at classpath:tests
]]></system-err>
  </testcase>
  <testcase name="UserAddsToWishList" classname="tests.AddToWishListTest" time="0.015">
    <failure message="org/openqa/selenium/WrapsElement" type="java.lang.NoClassDefFoundError">java.lang.NoClassDefFoundError: org/openqa/selenium/WrapsElement
	at tests.AddToWishListTest.UserAddsToWishList(AddToWishListTest.java:32)
</failure>
  </testcase>
  <testcase name="userOpensContactUs" classname="tests.ContactUsTest" time="0.016">
    <failure message="org/openqa/selenium/WrapsElement" type="java.lang.NoClassDefFoundError">java.lang.NoClassDefFoundError: org/openqa/selenium/WrapsElement
	at tests.ContactUsTest.userOpensContactUs(ContactUsTest.java:30)
</failure>
    <system-err><![CDATA[Nov 16, 2019 7:56:11 PM cucumber.runtime.FeaturePathFeatureSupplier get
WARNING: No features found at classpath:tests
]]></system-err>
  </testcase>
</testsuite>